<?xml version="1.0" encoding="UTF-8"?>
<!-- Generated by org.testng.reporters.JUnitXMLReporter -->
<testsuite hostname="User" ignored="0" name="Command line test" tests="4" failures="0" timestamp="03 Apr 2020 10:36:13 GMT" time="12.931" errors="0">
  <testcase name="feature" time="9.617" classname="TestRestRunner.TestRunnerPost"/>
  <testcase name="feature" time="0.885" classname="TestRestRunner.TestRunnerPost"/>
  <testcase name="feature" time="0.779" classname="TestRestRunner.TestRunnerRest"/>
  <testcase name="feature" time="0.532" classname="TestRestRunner.TestRunnerRest"/>
</testsuite> <!-- Command line test -->
