<?xml version="1.0" encoding="UTF-8"?>
<testng-results skipped="0" failed="0" ignored="0" total="4" passed="4">
  <reporter-output>
  </reporter-output>
  <suite name="Command line suite" duration-ms="12931" started-at="2020-04-03T10:36:00Z" finished-at="2020-04-03T10:36:13Z">
    <groups>
      <group name="cucumber">
        <method signature="TestRunnerPost.feature(cucumber.api.testng.CucumberFeatureWrapper)[pri:0, instance:TestRestRunner.TestRunnerPost@50f8360d]" name="feature" class="TestRestRunner.TestRunnerPost"/>
        <method signature="TestRunnerRest.feature(cucumber.api.testng.CucumberFeatureWrapper)[pri:0, instance:TestRestRunner.TestRunnerRest@2cb4c3ab]" name="feature" class="TestRestRunner.TestRunnerRest"/>
      </group> <!-- cucumber -->
    </groups>
    <test name="Command line test" duration-ms="12931" started-at="2020-04-03T10:36:00Z" finished-at="2020-04-03T10:36:13Z">
      <class name="TestRestRunner.TestRunnerPost">
        <test-method status="PASS" signature="setUpClass()[pri:0, instance:TestRestRunner.TestRunnerPost@50f8360d]" name="setUpClass" is-config="true" duration-ms="750" started-at="2020-04-03T10:36:00Z" finished-at="2020-04-03T10:36:01Z">
          <reporter-output>
          </reporter-output>
        </test-method> <!-- setUpClass -->
        <test-method status="PASS" signature="feature(cucumber.api.testng.CucumberFeatureWrapper)[pri:0, instance:TestRestRunner.TestRunnerPost@50f8360d]" name="feature" duration-ms="9617" started-at="2020-04-03T10:36:01Z" description="Runs Cucumber Feature" data-provider="features" finished-at="2020-04-03T10:36:11Z">
          <params>
            <param index="0">
              <value>
                <![CDATA[Get Operation]]>
              </value>
            </param>
          </params>
          <reporter-output>
          </reporter-output>
        </test-method> <!-- feature -->
        <test-method status="PASS" signature="feature(cucumber.api.testng.CucumberFeatureWrapper)[pri:0, instance:TestRestRunner.TestRunnerPost@50f8360d]" name="feature" duration-ms="885" started-at="2020-04-03T10:36:11Z" description="Runs Cucumber Feature" data-provider="features" finished-at="2020-04-03T10:36:12Z">
          <params>
            <param index="0">
              <value>
                <![CDATA[Post Operation]]>
              </value>
            </param>
          </params>
          <reporter-output>
          </reporter-output>
        </test-method> <!-- feature -->
        <test-method status="PASS" signature="tearDownClass()[pri:0, instance:TestRestRunner.TestRunnerPost@50f8360d]" name="tearDownClass" is-config="true" duration-ms="13" started-at="2020-04-03T10:36:12Z" finished-at="2020-04-03T10:36:12Z">
          <reporter-output>
          </reporter-output>
        </test-method> <!-- tearDownClass -->
      </class> <!-- TestRestRunner.TestRunnerPost -->
      <class name="TestRestRunner.TestRunnerRest">
        <test-method status="PASS" signature="setUpClass()[pri:0, instance:TestRestRunner.TestRunnerRest@2cb4c3ab]" name="setUpClass" is-config="true" duration-ms="59" started-at="2020-04-03T10:36:12Z" finished-at="2020-04-03T10:36:12Z">
          <reporter-output>
          </reporter-output>
        </test-method> <!-- setUpClass -->
        <test-method status="PASS" signature="feature(cucumber.api.testng.CucumberFeatureWrapper)[pri:0, instance:TestRestRunner.TestRunnerRest@2cb4c3ab]" name="feature" duration-ms="779" started-at="2020-04-03T10:36:12Z" description="Runs Cucumber Feature" data-provider="features" finished-at="2020-04-03T10:36:13Z">
          <params>
            <param index="0">
              <value>
                <![CDATA[Get Operation]]>
              </value>
            </param>
          </params>
          <reporter-output>
          </reporter-output>
        </test-method> <!-- feature -->
        <test-method status="PASS" signature="feature(cucumber.api.testng.CucumberFeatureWrapper)[pri:0, instance:TestRestRunner.TestRunnerRest@2cb4c3ab]" name="feature" duration-ms="532" started-at="2020-04-03T10:36:13Z" description="Runs Cucumber Feature" data-provider="features" finished-at="2020-04-03T10:36:13Z">
          <params>
            <param index="0">
              <value>
                <![CDATA[Post Operation]]>
              </value>
            </param>
          </params>
          <reporter-output>
          </reporter-output>
        </test-method> <!-- feature -->
        <test-method status="PASS" signature="tearDownClass()[pri:0, instance:TestRestRunner.TestRunnerRest@2cb4c3ab]" name="tearDownClass" is-config="true" duration-ms="12" started-at="2020-04-03T10:36:13Z" finished-at="2020-04-03T10:36:13Z">
          <reporter-output>
          </reporter-output>
        </test-method> <!-- tearDownClass -->
      </class> <!-- TestRestRunner.TestRunnerRest -->
    </test> <!-- Command line test -->
  </suite> <!-- Command line suite -->
</testng-results>
