<?xml version="1.0" encoding="UTF-8"?>
<testng-results skipped="0" failed="0" ignored="0" total="2" passed="2">
  <reporter-output>
  </reporter-output>
  <suite name="Default suite" duration-ms="14183" started-at="2020-03-18T07:35:44Z" finished-at="2020-03-18T07:35:58Z">
    <groups>
      <group name="cucumber">
        <method signature="TestRunnerPost.feature(cucumber.api.testng.CucumberFeatureWrapper)[pri:0, instance:TestRestRunner.TestRunnerPost@6fd02e5]" name="feature" class="TestRestRunner.TestRunnerPost"/>
      </group> <!-- cucumber -->
    </groups>
    <test name="Default test" duration-ms="14183" started-at="2020-03-18T07:35:44Z" finished-at="2020-03-18T07:35:58Z">
      <class name="TestRestRunner.TestRunnerPost">
        <test-method status="PASS" signature="setUpClass()[pri:0, instance:TestRestRunner.TestRunnerPost@6fd02e5]" name="setUpClass" is-config="true" duration-ms="632" started-at="2020-03-18T07:35:44Z" finished-at="2020-03-18T07:35:44Z">
          <reporter-output>
          </reporter-output>
        </test-method> <!-- setUpClass -->
        <test-method status="PASS" signature="feature(cucumber.api.testng.CucumberFeatureWrapper)[pri:0, instance:TestRestRunner.TestRunnerPost@6fd02e5]" name="feature" duration-ms="11958" started-at="2020-03-18T07:35:45Z" description="Runs Cucumber Feature" data-provider="features" finished-at="2020-03-18T07:35:57Z">
          <params>
            <param index="0">
              <value>
                <![CDATA[Get Operation]]>
              </value>
            </param>
          </params>
          <reporter-output>
          </reporter-output>
        </test-method> <!-- feature -->
        <test-method status="PASS" signature="feature(cucumber.api.testng.CucumberFeatureWrapper)[pri:0, instance:TestRestRunner.TestRunnerPost@6fd02e5]" name="feature" duration-ms="1322" started-at="2020-03-18T07:35:57Z" description="Runs Cucumber Feature" data-provider="features" finished-at="2020-03-18T07:35:58Z">
          <params>
            <param index="0">
              <value>
                <![CDATA[Post Operation]]>
              </value>
            </param>
          </params>
          <reporter-output>
          </reporter-output>
        </test-method> <!-- feature -->
        <test-method status="PASS" signature="tearDownClass()[pri:0, instance:TestRestRunner.TestRunnerPost@6fd02e5]" name="tearDownClass" is-config="true" duration-ms="10" started-at="2020-03-18T07:35:58Z" finished-at="2020-03-18T07:35:58Z">
          <reporter-output>
          </reporter-output>
        </test-method> <!-- tearDownClass -->
      </class> <!-- TestRestRunner.TestRunnerPost -->
    </test> <!-- Default test -->
  </suite> <!-- Default suite -->
</testng-results>
